[GIN-debug] [WARNING] Creating an Engine instance with the Logger and Recovery middleware already attached.

[GIN-debug] [WARNING] Running in "debug" mode. Switch to "release" mode in production.
 - using env:	export GIN_MODE=release
 - using code:	gin.SetMode(gin.ReleaseMode)

[GIN-debug] GET    /404                      --> deeplink_backend/pkg/ctrl.(*Controller).NotFound-fm (3 handlers)
[GIN-debug] GET    /ok                       --> deeplink_backend/pkg/ctrl.(*Controller).OK-fm (3 handlers)
[GIN-debug] GET    /devices                  --> deeplink_backend/pkg/ctrl.(*Controller).Devides-fm (3 handlers)
[GIN-debug] [WARNING] You trusted all proxies, this is NOT safe. We recommend you to set a value.
Please check https://pkg.go.dev/github.com/gin-gonic/gin#readme-don-t-trust-all-proxies for details.
[GIN-debug] Listening and serving HTTP on :8000
[GIN-debug] [WARNING] Creating an Engine instance with the Logger and Recovery middleware already attached.

[GIN-debug] [WARNING] Running in "debug" mode. Switch to "release" mode in production.
 - using env:	export GIN_MODE=release
 - using code:	gin.SetMode(gin.ReleaseMode)

[GIN-debug] GET    /404                      --> deeplink_backend/pkg/ctrl.(*Controller).NotFound-fm (3 handlers)
[GIN-debug] GET    /ok                       --> deeplink_backend/pkg/ctrl.(*Controller).OK-fm (3 handlers)
[GIN-debug] GET    /devices                  --> deeplink_backend/pkg/ctrl.(*Controller).Devides-fm (3 handlers)
[GIN-debug] [WARNING] You trusted all proxies, this is NOT safe. We recommend you to set a value.
Please check https://pkg.go.dev/github.com/gin-gonic/gin#readme-don-t-trust-all-proxies for details.
[GIN-debug] Listening and serving HTTP on :8000
[GIN-debug] [WARNING] Creating an Engine instance with the Logger and Recovery middleware already attached.

[GIN-debug] [WARNING] Running in "debug" mode. Switch to "release" mode in production.
 - using env:	export GIN_MODE=release
 - using code:	gin.SetMode(gin.ReleaseMode)

[GIN-debug] GET    /404                      --> deeplink_backend/pkg/ctrl.(*Controller).NotFound-fm (3 handlers)
[GIN-debug] GET    /ok                       --> deeplink_backend/pkg/ctrl.(*Controller).OK-fm (3 handlers)
[GIN-debug] GET    /devices                  --> deeplink_backend/pkg/ctrl.(*Controller).Devides-fm (3 handlers)
[GIN-debug] [WARNING] You trusted all proxies, this is NOT safe. We recommend you to set a value.
Please check https://pkg.go.dev/github.com/gin-gonic/gin#readme-don-t-trust-all-proxies for details.
[GIN-debug] Listening and serving HTTP on :8000
[GIN-debug] [WARNING] Creating an Engine instance with the Logger and Recovery middleware already attached.

[GIN-debug] [WARNING] Running in "debug" mode. Switch to "release" mode in production.
 - using env:	export GIN_MODE=release
 - using code:	gin.SetMode(gin.ReleaseMode)

[GIN-debug] GET    /404                      --> deeplink_backend/pkg/ctrl.(*Controller).NotFound-fm (3 handlers)
[GIN-debug] GET    /ok                       --> deeplink_backend/pkg/ctrl.(*Controller).OK-fm (3 handlers)
[GIN-debug] GET    /devices                  --> deeplink_backend/pkg/ctrl.(*Controller).Devides-fm (3 handlers)
[GIN-debug] [WARNING] You trusted all proxies, this is NOT safe. We recommend you to set a value.
Please check https://pkg.go.dev/github.com/gin-gonic/gin#readme-don-t-trust-all-proxies for details.
[GIN-debug] Listening and serving HTTP on :8000
[GIN-debug] [WARNING] Creating an Engine instance with the Logger and Recovery middleware already attached.

[GIN-debug] [WARNING] Running in "debug" mode. Switch to "release" mode in production.
 - using env:	export GIN_MODE=release
 - using code:	gin.SetMode(gin.ReleaseMode)

[GIN-debug] GET    /404                      --> deeplink_backend/pkg/ctrl.(*Controller).NotFound-fm (3 handlers)
[GIN-debug] GET    /ok                       --> deeplink_backend/pkg/ctrl.(*Controller).OK-fm (3 handlers)
[GIN-debug] GET    /devices                  --> deeplink_backend/pkg/ctrl.(*Controller).Devides-fm (3 handlers)
[GIN-debug] [WARNING] You trusted all proxies, this is NOT safe. We recommend you to set a value.
Please check https://pkg.go.dev/github.com/gin-gonic/gin#readme-don-t-trust-all-proxies for details.
[GIN-debug] Listening and serving HTTP on :8000
